<?xml version="1.0" encoding="utf-8"?><testsuites name="pytest tests"><testsuite name="pytest" errors="3" failures="0" skipped="0" tests="3" time="22.856" timestamp="2026-03-28T06:13:39.220224+00:00" hostname="sk-bastionhost"><testcase classname="" name="script_emulation.sql.test.txt" time="0.000"><error message="collection failure">C:\Python314\Lib\pathlib\__init__.py:788: in read_text
    return f.read()
           ^^^^^^^^
&lt;frozen codecs&gt;:325: in decode
    ???
E   UnicodeDecodeError: 'utf-8' codec can't decode byte 0xff in position 0: invalid start byte</error></testcase><testcase classname="" name="script_emulation.test.txt" time="0.000"><error message="collection failure">C:\Python314\Lib\pathlib\__init__.py:788: in read_text
    return f.read()
           ^^^^^^^^
&lt;frozen codecs&gt;:325: in decode
    ???
E   UnicodeDecodeError: 'utf-8' codec can't decode byte 0xff in position 0: invalid start byte</error></testcase><testcase classname="" name="script_emulation.test2.txt" time="0.000"><error message="collection failure">C:\Python314\Lib\pathlib\__init__.py:788: in read_text
    return f.read()
           ^^^^^^^^
&lt;frozen codecs&gt;:325: in decode
    ???
E   UnicodeDecodeError: 'utf-8' codec can't decode byte 0xff in position 0: invalid start byte</error></testcase></testsuite></testsuites>